2019-04-12 15:03:57 (INFO):	Setting up Gekko in realtime mode
2019-04-12 15:03:57 (INFO):	
2019-04-12 15:03:57 (INFO):	Setting up:
2019-04-12 15:03:57 (INFO):		 Candle writer
2019-04-12 15:03:57 (INFO):		 Store candles in a database
2019-04-12 15:03:57 (INFO):	

2019-04-12 15:03:57 (INFO):	Setting up:
2019-04-12 15:03:57 (INFO):		 Child to parent
2019-04-12 15:03:57 (INFO):		 Relays events from the child to the parent process
2019-04-12 15:03:57 (INFO):	

2019-04-12 15:03:57 (INFO):	Starting to watch the market: Binance BNB/USDT
2019-04-12 15:03:57 (DEBUG):	scheduling ticks
2019-04-12 15:03:57 (DEBUG):	Requested BNB/USDT trade data from Binance ...
2019-04-12 15:03:57 (DEBUG):	Processing 500 new trades. From 2019-04-12 18:38:39 UTC to 2019-04-12 19:03:55 UTC. (25 minutes)
2019-04-12 15:04:17 (DEBUG):	Requested BNB/USDT trade data from Binance ...
2019-04-12 15:04:17 (DEBUG):	Processing 11 new trades. From 2019-04-12 19:03:59 UTC to 2019-04-12 19:04:16 UTC. (a few seconds)
2019-04-12 15:04:37 (DEBUG):	Requested BNB/USDT trade data from Binance ...
2019-04-12 15:04:37 (DEBUG):	Processing 13 new trades. From 2019-04-12 19:04:19 UTC to 2019-04-12 19:04:37 UTC. (a few seconds)
2019-04-12 15:04:57 (DEBUG):	Requested BNB/USDT trade data from Binance ...
2019-04-12 15:04:57 (DEBUG):	No new trades.
2019-04-12 15:05:17 (DEBUG):	Requested BNB/USDT trade data from Binance ...
2019-04-12 15:05:17 (DEBUG):	Processing 3 new trades. From 2019-04-12 19:05:04 UTC to 2019-04-12 19:05:15 UTC. (a few seconds)
2019-04-12 15:05:37 (DEBUG):	Requested BNB/USDT trade data from Binance ...
2019-04-12 15:05:37 (DEBUG):	Processing 9 new trades. From 2019-04-12 19:05:18 UTC to 2019-04-12 19:05:37 UTC. (a few seconds)
2019-04-12 15:05:57 (DEBUG):	Requested BNB/USDT trade data from Binance ...
2019-04-12 15:05:57 (DEBUG):	Processing 5 new trades. From 2019-04-12 19:05:41 UTC to 2019-04-12 19:05:50 UTC. (a few seconds)
2019-04-12 15:06:17 (DEBUG):	Requested BNB/USDT trade data from Binance ...
2019-04-12 15:06:17 (DEBUG):	Processing 12 new trades. From 2019-04-12 19:06:01 UTC to 2019-04-12 19:06:14 UTC. (a few seconds)
2019-04-12 15:06:37 (DEBUG):	Requested BNB/USDT trade data from Binance ...
2019-04-12 15:06:37 (DEBUG):	Processing 1 new trades. From 2019-04-12 19:06:18 UTC to 2019-04-12 19:06:18 UTC. (a few seconds)
2019-04-12 15:06:57 (DEBUG):	Requested BNB/USDT trade data from Binance ...
2019-04-12 15:06:57 (DEBUG):	Processing 4 new trades. From 2019-04-12 19:06:42 UTC to 2019-04-12 19:06:53 UTC. (a few seconds)
2019-04-12 15:07:17 (DEBUG):	Requested BNB/USDT trade data from Binance ...
2019-04-12 15:07:17 (DEBUG):	Processing 3 new trades. From 2019-04-12 19:06:58 UTC to 2019-04-12 19:07:02 UTC. (a few seconds)
2019-04-12 15:07:37 (DEBUG):	Requested BNB/USDT trade data from Binance ...
2019-04-12 15:07:37 (DEBUG):	No new trades.
2019-04-12 15:07:57 (DEBUG):	Requested BNB/USDT trade data from Binance ...
2019-04-12 15:07:57 (DEBUG):	Processing 3 new trades. From 2019-04-12 19:07:39 UTC to 2019-04-12 19:07:39 UTC. (a few seconds)
2019-04-12 15:08:17 (DEBUG):	Requested BNB/USDT trade data from Binance ...
2019-04-12 15:08:17 (DEBUG):	Processing 3 new trades. From 2019-04-12 19:08:03 UTC to 2019-04-12 19:08:15 UTC. (a few seconds)
2019-04-12 15:08:37 (DEBUG):	Requested BNB/USDT trade data from Binance ...
2019-04-12 15:08:37 (DEBUG):	Processing 3 new trades. From 2019-04-12 19:08:25 UTC to 2019-04-12 19:08:36 UTC. (a few seconds)
2019-04-12 15:08:57 (DEBUG):	Requested BNB/USDT trade data from Binance ...
2019-04-12 15:08:57 (DEBUG):	Processing 7 new trades. From 2019-04-12 19:08:43 UTC to 2019-04-12 19:08:47 UTC. (a few seconds)
2019-04-12 15:09:17 (DEBUG):	Requested BNB/USDT trade data from Binance ...
2019-04-12 15:09:17 (DEBUG):	Processing 9 new trades. From 2019-04-12 19:08:59 UTC to 2019-04-12 19:09:17 UTC. (a few seconds)
2019-04-12 15:09:37 (DEBUG):	Requested BNB/USDT trade data from Binance ...
2019-04-12 15:09:37 (DEBUG):	Processing 8 new trades. From 2019-04-12 19:09:27 UTC to 2019-04-12 19:09:36 UTC. (a few seconds)
2019-04-12 15:09:57 (DEBUG):	Requested BNB/USDT trade data from Binance ...
2019-04-12 15:09:57 (DEBUG):	Processing 4 new trades. From 2019-04-12 19:09:37 UTC to 2019-04-12 19:09:51 UTC. (a few seconds)
2019-04-12 15:10:17 (DEBUG):	Requested BNB/USDT trade data from Binance ...
2019-04-12 15:10:18 (DEBUG):	Processing 2 new trades. From 2019-04-12 19:09:58 UTC to 2019-04-12 19:10:15 UTC. (a few seconds)
2019-04-12 15:10:37 (DEBUG):	Requested BNB/USDT trade data from Binance ...
2019-04-12 15:10:38 (DEBUG):	Processing 1 new trades. From 2019-04-12 19:10:28 UTC to 2019-04-12 19:10:28 UTC. (a few seconds)
2019-04-12 15:10:57 (DEBUG):	Requested BNB/USDT trade data from Binance ...
2019-04-12 15:10:57 (DEBUG):	Processing 11 new trades. From 2019-04-12 19:10:40 UTC to 2019-04-12 19:10:54 UTC. (a few seconds)
2019-04-12 15:11:17 (DEBUG):	Requested BNB/USDT trade data from Binance ...
2019-04-12 15:11:17 (DEBUG):	Processing 4 new trades. From 2019-04-12 19:11:14 UTC to 2019-04-12 19:11:15 UTC. (a few seconds)
2019-04-12 15:11:37 (DEBUG):	Requested BNB/USDT trade data from Binance ...
2019-04-12 15:11:37 (DEBUG):	Processing 8 new trades. From 2019-04-12 19:11:27 UTC to 2019-04-12 19:11:35 UTC. (a few seconds)
2019-04-12 15:11:57 (DEBUG):	Requested BNB/USDT trade data from Binance ...
2019-04-12 15:11:57 (DEBUG):	Processing 1 new trades. From 2019-04-12 19:11:38 UTC to 2019-04-12 19:11:38 UTC. (a few seconds)
2019-04-12 15:12:17 (DEBUG):	Requested BNB/USDT trade data from Binance ...
2019-04-12 15:12:17 (DEBUG):	Processing 4 new trades. From 2019-04-12 19:12:12 UTC to 2019-04-12 19:12:13 UTC. (a few seconds)
2019-04-12 15:12:37 (DEBUG):	Requested BNB/USDT trade data from Binance ...
2019-04-12 15:12:38 (DEBUG):	Processing 15 new trades. From 2019-04-12 19:12:24 UTC to 2019-04-12 19:12:29 UTC. (a few seconds)
2019-04-12 15:12:57 (DEBUG):	Requested BNB/USDT trade data from Binance ...
2019-04-12 15:12:57 (DEBUG):	Processing 2 new trades. From 2019-04-12 19:12:40 UTC to 2019-04-12 19:12:48 UTC. (a few seconds)
2019-04-12 15:13:17 (DEBUG):	Requested BNB/USDT trade data from Binance ...
2019-04-12 15:13:17 (DEBUG):	Processing 15 new trades. From 2019-04-12 19:13:02 UTC to 2019-04-12 19:13:17 UTC. (a few seconds)
2019-04-12 15:13:37 (DEBUG):	Requested BNB/USDT trade data from Binance ...
2019-04-12 15:13:37 (DEBUG):	Processing 8 new trades. From 2019-04-12 19:13:22 UTC to 2019-04-12 19:13:24 UTC. (a few seconds)
2019-04-12 15:13:57 (DEBUG):	Requested BNB/USDT trade data from Binance ...
2019-04-12 15:13:57 (DEBUG):	Processing 1 new trades. From 2019-04-12 19:13:52 UTC to 2019-04-12 19:13:52 UTC. (a few seconds)
2019-04-12 15:14:17 (DEBUG):	Requested BNB/USDT trade data from Binance ...
2019-04-12 15:14:19 (DEBUG):	Processing 9 new trades. From 2019-04-12 19:13:58 UTC to 2019-04-12 19:14:14 UTC. (a few seconds)
2019-04-12 15:14:37 (DEBUG):	Requested BNB/USDT trade data from Binance ...
2019-04-12 15:14:37 (DEBUG):	Processing 12 new trades. From 2019-04-12 19:14:26 UTC to 2019-04-12 19:14:36 UTC. (a few seconds)
2019-04-12 15:14:57 (DEBUG):	Requested BNB/USDT trade data from Binance ...
2019-04-12 15:14:57 (DEBUG):	Processing 5 new trades. From 2019-04-12 19:14:42 UTC to 2019-04-12 19:14:51 UTC. (a few seconds)
2019-04-12 15:15:17 (DEBUG):	Requested BNB/USDT trade data from Binance ...
2019-04-12 15:15:17 (DEBUG):	Processing 12 new trades. From 2019-04-12 19:15:00 UTC to 2019-04-12 19:15:12 UTC. (a few seconds)
2019-04-12 15:15:37 (DEBUG):	Requested BNB/USDT trade data from Binance ...
2019-04-12 15:15:38 (DEBUG):	Processing 19 new trades. From 2019-04-12 19:15:17 UTC to 2019-04-12 19:15:35 UTC. (a few seconds)
2019-04-12 15:15:57 (DEBUG):	Requested BNB/USDT trade data from Binance ...
2019-04-12 15:15:57 (DEBUG):	Processing 6 new trades. From 2019-04-12 19:15:42 UTC to 2019-04-12 19:15:56 UTC. (a few seconds)
2019-04-12 15:16:17 (DEBUG):	Requested BNB/USDT trade data from Binance ...
2019-04-12 15:16:17 (DEBUG):	Processing 1 new trades. From 2019-04-12 19:16:14 UTC to 2019-04-12 19:16:14 UTC. (a few seconds)
2019-04-12 15:16:37 (DEBUG):	Requested BNB/USDT trade data from Binance ...
2019-04-12 15:16:37 (DEBUG):	Processing 11 new trades. From 2019-04-12 19:16:25 UTC to 2019-04-12 19:16:34 UTC. (a few seconds)
2019-04-12 15:16:57 (DEBUG):	Requested BNB/USDT trade data from Binance ...
2019-04-12 15:16:57 (DEBUG):	Processing 8 new trades. From 2019-04-12 19:16:41 UTC to 2019-04-12 19:16:56 UTC. (a few seconds)
2019-04-12 15:17:17 (DEBUG):	Requested BNB/USDT trade data from Binance ...
2019-04-12 15:17:17 (DEBUG):	Processing 2 new trades. From 2019-04-12 19:16:58 UTC to 2019-04-12 19:17:15 UTC. (a few seconds)
2019-04-12 15:17:37 (DEBUG):	Requested BNB/USDT trade data from Binance ...
2019-04-12 15:17:38 (DEBUG):	Processing 1 new trades. From 2019-04-12 19:17:18 UTC to 2019-04-12 19:17:18 UTC. (a few seconds)
2019-04-12 15:17:57 (DEBUG):	Requested BNB/USDT trade data from Binance ...
2019-04-12 15:17:58 (DEBUG):	Processing 8 new trades. From 2019-04-12 19:17:41 UTC to 2019-04-12 19:17:47 UTC. (a few seconds)
2019-04-12 15:18:17 (DEBUG):	Requested BNB/USDT trade data from Binance ...
2019-04-12 15:18:17 (DEBUG):	Processing 13 new trades. From 2019-04-12 19:18:00 UTC to 2019-04-12 19:18:16 UTC. (a few seconds)
2019-04-12 15:18:37 (DEBUG):	Requested BNB/USDT trade data from Binance ...
2019-04-12 15:18:37 (DEBUG):	Processing 7 new trades. From 2019-04-12 19:18:20 UTC to 2019-04-12 19:18:28 UTC. (a few seconds)
2019-04-12 15:18:57 (DEBUG):	Requested BNB/USDT trade data from Binance ...
2019-04-12 15:18:57 (DEBUG):	Processing 10 new trades. From 2019-04-12 19:18:43 UTC to 2019-04-12 19:18:56 UTC. (a few seconds)
2019-04-12 15:19:17 (DEBUG):	Requested BNB/USDT trade data from Binance ...
2019-04-12 15:19:17 (DEBUG):	Processing 7 new trades. From 2019-04-12 19:19:02 UTC to 2019-04-12 19:19:12 UTC. (a few seconds)
2019-04-12 15:19:37 (DEBUG):	Requested BNB/USDT trade data from Binance ...
2019-04-12 15:19:37 (DEBUG):	Processing 7 new trades. From 2019-04-12 19:19:19 UTC to 2019-04-12 19:19:37 UTC. (a few seconds)
2019-04-12 15:19:57 (DEBUG):	Requested BNB/USDT trade data from Binance ...
2019-04-12 15:19:57 (DEBUG):	Processing 4 new trades. From 2019-04-12 19:19:45 UTC to 2019-04-12 19:19:54 UTC. (a few seconds)
2019-04-12 15:20:17 (DEBUG):	Requested BNB/USDT trade data from Binance ...
2019-04-12 15:20:17 (DEBUG):	Processing 4 new trades. From 2019-04-12 19:20:00 UTC to 2019-04-12 19:20:12 UTC. (a few seconds)
2019-04-12 15:20:37 (DEBUG):	Requested BNB/USDT trade data from Binance ...
2019-04-12 15:20:38 (DEBUG):	Processing 17 new trades. From 2019-04-12 19:20:20 UTC to 2019-04-12 19:20:37 UTC. (a few seconds)
2019-04-12 15:20:57 (DEBUG):	Requested BNB/USDT trade data from Binance ...
2019-04-12 15:20:57 (DEBUG):	Processing 31 new trades. From 2019-04-12 19:20:40 UTC to 2019-04-12 19:20:57 UTC. (a few seconds)
2019-04-12 15:21:17 (DEBUG):	Requested BNB/USDT trade data from Binance ...
2019-04-12 15:21:17 (DEBUG):	Processing 5 new trades. From 2019-04-12 19:21:04 UTC to 2019-04-12 19:21:07 UTC. (a few seconds)
2019-04-12 15:21:37 (DEBUG):	Requested BNB/USDT trade data from Binance ...
2019-04-12 15:21:38 (DEBUG):	Processing 19 new trades. From 2019-04-12 19:21:20 UTC to 2019-04-12 19:21:34 UTC. (a few seconds)
2019-04-12 15:21:57 (DEBUG):	Requested BNB/USDT trade data from Binance ...
2019-04-12 15:21:57 (DEBUG):	Processing 1 new trades. From 2019-04-12 19:21:49 UTC to 2019-04-12 19:21:49 UTC. (a few seconds)
2019-04-12 15:22:17 (DEBUG):	Requested BNB/USDT trade data from Binance ...
2019-04-12 15:22:17 (DEBUG):	Processing 17 new trades. From 2019-04-12 19:21:57 UTC to 2019-04-12 19:22:16 UTC. (a few seconds)
2019-04-12 15:22:37 (DEBUG):	Requested BNB/USDT trade data from Binance ...
2019-04-12 15:22:37 (DEBUG):	Processing 16 new trades. From 2019-04-12 19:22:21 UTC to 2019-04-12 19:22:34 UTC. (a few seconds)
2019-04-12 15:22:57 (DEBUG):	Requested BNB/USDT trade data from Binance ...
2019-04-12 15:22:57 (DEBUG):	Processing 4 new trades. From 2019-04-12 19:22:51 UTC to 2019-04-12 19:22:54 UTC. (a few seconds)
2019-04-12 15:23:17 (DEBUG):	Requested BNB/USDT trade data from Binance ...
2019-04-12 15:23:17 (DEBUG):	Processing 13 new trades. From 2019-04-12 19:23:04 UTC to 2019-04-12 19:23:14 UTC. (a few seconds)
2019-04-12 15:23:37 (DEBUG):	Requested BNB/USDT trade data from Binance ...
2019-04-12 15:23:37 (DEBUG):	Processing 8 new trades. From 2019-04-12 19:23:26 UTC to 2019-04-12 19:23:31 UTC. (a few seconds)
2019-04-12 15:23:57 (DEBUG):	Requested BNB/USDT trade data from Binance ...
2019-04-12 15:23:57 (DEBUG):	No new trades.
2019-04-12 15:24:17 (DEBUG):	Requested BNB/USDT trade data from Binance ...
2019-04-12 15:24:17 (DEBUG):	Processing 2 new trades. From 2019-04-12 19:23:57 UTC to 2019-04-12 19:24:09 UTC. (a few seconds)
2019-04-12 15:24:37 (DEBUG):	Requested BNB/USDT trade data from Binance ...
2019-04-12 15:24:37 (DEBUG):	Processing 5 new trades. From 2019-04-12 19:24:21 UTC to 2019-04-12 19:24:37 UTC. (a few seconds)
2019-04-12 15:24:57 (DEBUG):	Requested BNB/USDT trade data from Binance ...
2019-04-12 15:24:58 (DEBUG):	Processing 6 new trades. From 2019-04-12 19:24:37 UTC to 2019-04-12 19:24:53 UTC. (a few seconds)
2019-04-12 15:25:17 (DEBUG):	Requested BNB/USDT trade data from Binance ...
2019-04-12 15:25:17 (DEBUG):	Processing 2 new trades. From 2019-04-12 19:25:04 UTC to 2019-04-12 19:25:10 UTC. (a few seconds)
2019-04-12 15:25:37 (DEBUG):	Requested BNB/USDT trade data from Binance ...
2019-04-12 15:25:37 (DEBUG):	Processing 2 new trades. From 2019-04-12 19:25:27 UTC to 2019-04-12 19:25:31 UTC. (a few seconds)
2019-04-12 15:25:57 (DEBUG):	Requested BNB/USDT trade data from Binance ...
2019-04-12 15:25:57 (DEBUG):	Processing 15 new trades. From 2019-04-12 19:25:46 UTC to 2019-04-12 19:25:57 UTC. (a few seconds)
2019-04-12 15:26:17 (DEBUG):	Requested BNB/USDT trade data from Binance ...
2019-04-12 15:26:17 (DEBUG):	Processing 13 new trades. From 2019-04-12 19:25:59 UTC to 2019-04-12 19:26:08 UTC. (a few seconds)
2019-04-12 15:26:37 (DEBUG):	Requested BNB/USDT trade data from Binance ...
2019-04-12 15:26:38 (DEBUG):	Processing 20 new trades. From 2019-04-12 19:26:21 UTC to 2019-04-12 19:26:35 UTC. (a few seconds)
2019-04-12 15:26:57 (DEBUG):	Requested BNB/USDT trade data from Binance ...
2019-04-12 15:26:57 (DEBUG):	Processing 10 new trades. From 2019-04-12 19:26:42 UTC to 2019-04-12 19:26:54 UTC. (a few seconds)
2019-04-12 15:27:17 (DEBUG):	Requested BNB/USDT trade data from Binance ...
2019-04-12 15:27:18 (DEBUG):	Processing 10 new trades. From 2019-04-12 19:27:05 UTC to 2019-04-12 19:27:16 UTC. (a few seconds)
2019-04-12 15:27:37 (DEBUG):	Requested BNB/USDT trade data from Binance ...
2019-04-12 15:27:38 (DEBUG):	Processing 9 new trades. From 2019-04-12 19:27:21 UTC to 2019-04-12 19:27:37 UTC. (a few seconds)
2019-04-12 15:27:57 (DEBUG):	Requested BNB/USDT trade data from Binance ...
2019-04-12 15:27:58 (DEBUG):	Processing 4 new trades. From 2019-04-12 19:27:47 UTC to 2019-04-12 19:27:54 UTC. (a few seconds)
2019-04-12 15:28:17 (DEBUG):	Requested BNB/USDT trade data from Binance ...
2019-04-12 15:28:17 (DEBUG):	Processing 40 new trades. From 2019-04-12 19:28:05 UTC to 2019-04-12 19:28:17 UTC. (a few seconds)
2019-04-12 15:28:37 (DEBUG):	Requested BNB/USDT trade data from Binance ...
2019-04-12 15:28:38 (DEBUG):	Processing 8 new trades. From 2019-04-12 19:28:18 UTC to 2019-04-12 19:28:34 UTC. (a few seconds)
2019-04-12 15:28:57 (DEBUG):	Requested BNB/USDT trade data from Binance ...
2019-04-12 15:28:58 (DEBUG):	Processing 5 new trades. From 2019-04-12 19:28:38 UTC to 2019-04-12 19:28:54 UTC. (a few seconds)
2019-04-12 15:29:17 (DEBUG):	Requested BNB/USDT trade data from Binance ...
2019-04-12 15:29:18 (DEBUG):	Processing 4 new trades. From 2019-04-12 19:29:03 UTC to 2019-04-12 19:29:04 UTC. (a few seconds)
2019-04-12 15:29:37 (DEBUG):	Requested BNB/USDT trade data from Binance ...
2019-04-12 15:29:37 (DEBUG):	Processing 11 new trades. From 2019-04-12 19:29:18 UTC to 2019-04-12 19:29:34 UTC. (a few seconds)
2019-04-12 15:29:57 (DEBUG):	Requested BNB/USDT trade data from Binance ...
2019-04-12 15:29:58 (DEBUG):	Processing 8 new trades. From 2019-04-12 19:29:41 UTC to 2019-04-12 19:29:54 UTC. (a few seconds)
2019-04-12 15:30:17 (DEBUG):	Requested BNB/USDT trade data from Binance ...
2019-04-12 15:30:17 (DEBUG):	Processing 9 new trades. From 2019-04-12 19:30:08 UTC to 2019-04-12 19:30:14 UTC. (a few seconds)
2019-04-12 15:30:37 (DEBUG):	Requested BNB/USDT trade data from Binance ...
2019-04-12 15:30:37 (DEBUG):	Processing 13 new trades. From 2019-04-12 19:30:21 UTC to 2019-04-12 19:30:36 UTC. (a few seconds)
2019-04-12 15:30:57 (DEBUG):	Requested BNB/USDT trade data from Binance ...
2019-04-12 15:30:58 (DEBUG):	Processing 4 new trades. From 2019-04-12 19:30:40 UTC to 2019-04-12 19:30:43 UTC. (a few seconds)
2019-04-12 15:31:17 (DEBUG):	Requested BNB/USDT trade data from Binance ...
2019-04-12 15:31:18 (DEBUG):	Processing 10 new trades. From 2019-04-12 19:31:02 UTC to 2019-04-12 19:31:16 UTC. (a few seconds)
2019-04-12 15:31:37 (DEBUG):	Requested BNB/USDT trade data from Binance ...
2019-04-12 15:31:37 (DEBUG):	Processing 4 new trades. From 2019-04-12 19:31:25 UTC to 2019-04-12 19:31:33 UTC. (a few seconds)
2019-04-12 15:31:57 (DEBUG):	Requested BNB/USDT trade data from Binance ...
2019-04-12 15:31:57 (DEBUG):	Processing 6 new trades. From 2019-04-12 19:31:41 UTC to 2019-04-12 19:31:57 UTC. (a few seconds)
2019-04-12 15:32:17 (DEBUG):	Requested BNB/USDT trade data from Binance ...
2019-04-12 15:32:17 (DEBUG):	Processing 9 new trades. From 2019-04-12 19:31:58 UTC to 2019-04-12 19:32:06 UTC. (a few seconds)
2019-04-12 15:32:37 (DEBUG):	Requested BNB/USDT trade data from Binance ...
2019-04-12 15:32:38 (DEBUG):	Processing 3 new trades. From 2019-04-12 19:32:20 UTC to 2019-04-12 19:32:23 UTC. (a few seconds)
2019-04-12 15:32:57 (DEBUG):	Requested BNB/USDT trade data from Binance ...
2019-04-12 15:32:58 (DEBUG):	Processing 12 new trades. From 2019-04-12 19:32:38 UTC to 2019-04-12 19:32:56 UTC. (a few seconds)
2019-04-12 15:33:17 (DEBUG):	Requested BNB/USDT trade data from Binance ...
2019-04-12 15:33:18 (DEBUG):	Processing 8 new trades. From 2019-04-12 19:32:58 UTC to 2019-04-12 19:33:16 UTC. (a few seconds)
2019-04-12 15:33:37 (DEBUG):	Requested BNB/USDT trade data from Binance ...
2019-04-12 15:33:38 (DEBUG):	Processing 2 new trades. From 2019-04-12 19:33:24 UTC to 2019-04-12 19:33:28 UTC. (a few seconds)
2019-04-12 15:33:57 (DEBUG):	Requested BNB/USDT trade data from Binance ...
2019-04-12 15:33:58 (DEBUG):	Processing 5 new trades. From 2019-04-12 19:33:38 UTC to 2019-04-12 19:33:56 UTC. (a few seconds)
2019-04-12 15:34:17 (DEBUG):	Requested BNB/USDT trade data from Binance ...
2019-04-12 15:34:18 (DEBUG):	Processing 7 new trades. From 2019-04-12 19:33:58 UTC to 2019-04-12 19:34:13 UTC. (a few seconds)
2019-04-12 15:34:37 (DEBUG):	Requested BNB/USDT trade data from Binance ...
2019-04-12 15:34:38 (DEBUG):	Processing 10 new trades. From 2019-04-12 19:34:20 UTC to 2019-04-12 19:34:28 UTC. (a few seconds)
2019-04-12 15:34:57 (DEBUG):	Requested BNB/USDT trade data from Binance ...
2019-04-12 15:34:58 (DEBUG):	No new trades.
2019-04-12 15:35:17 (DEBUG):	Requested BNB/USDT trade data from Binance ...
2019-04-12 15:35:18 (DEBUG):	Processing 7 new trades. From 2019-04-12 19:34:59 UTC to 2019-04-12 19:35:15 UTC. (a few seconds)
2019-04-12 15:35:37 (DEBUG):	Requested BNB/USDT trade data from Binance ...
2019-04-12 15:35:38 (DEBUG):	Processing 5 new trades. From 2019-04-12 19:35:21 UTC to 2019-04-12 19:35:32 UTC. (a few seconds)
2019-04-12 15:35:57 (DEBUG):	Requested BNB/USDT trade data from Binance ...
2019-04-12 15:35:58 (DEBUG):	Processing 6 new trades. From 2019-04-12 19:35:44 UTC to 2019-04-12 19:35:54 UTC. (a few seconds)
2019-04-12 15:36:17 (DEBUG):	Requested BNB/USDT trade data from Binance ...
2019-04-12 15:36:18 (DEBUG):	Processing 5 new trades. From 2019-04-12 19:36:01 UTC to 2019-04-12 19:36:11 UTC. (a few seconds)
2019-04-12 15:36:37 (DEBUG):	Requested BNB/USDT trade data from Binance ...
2019-04-12 15:36:38 (DEBUG):	Processing 3 new trades. From 2019-04-12 19:36:24 UTC to 2019-04-12 19:36:24 UTC. (a few seconds)
2019-04-12 15:36:57 (DEBUG):	Requested BNB/USDT trade data from Binance ...
2019-04-12 15:36:58 (DEBUG):	Processing 3 new trades. From 2019-04-12 19:36:39 UTC to 2019-04-12 19:36:49 UTC. (a few seconds)
2019-04-12 15:37:17 (DEBUG):	Requested BNB/USDT trade data from Binance ...
2019-04-12 15:37:18 (DEBUG):	Processing 2 new trades. From 2019-04-12 19:37:03 UTC to 2019-04-12 19:37:05 UTC. (a few seconds)
2019-04-12 15:37:37 (DEBUG):	Requested BNB/USDT trade data from Binance ...
2019-04-12 15:37:38 (DEBUG):	Processing 2 new trades. From 2019-04-12 19:37:20 UTC to 2019-04-12 19:37:20 UTC. (a few seconds)
2019-04-12 15:37:57 (DEBUG):	Requested BNB/USDT trade data from Binance ...
2019-04-12 15:37:58 (DEBUG):	Processing 6 new trades. From 2019-04-12 19:37:39 UTC to 2019-04-12 19:37:56 UTC. (a few seconds)
2019-04-12 15:38:17 (DEBUG):	Requested BNB/USDT trade data from Binance ...
2019-04-12 15:38:18 (DEBUG):	Processing 2 new trades. From 2019-04-12 19:38:00 UTC to 2019-04-12 19:38:11 UTC. (a few seconds)
2019-04-12 15:38:37 (DEBUG):	Requested BNB/USDT trade data from Binance ...
2019-04-12 15:38:38 (DEBUG):	Processing 9 new trades. From 2019-04-12 19:38:22 UTC to 2019-04-12 19:38:36 UTC. (a few seconds)
2019-04-12 15:38:57 (DEBUG):	Requested BNB/USDT trade data from Binance ...
2019-04-12 15:38:58 (DEBUG):	Processing 1 new trades. From 2019-04-12 19:38:41 UTC to 2019-04-12 19:38:41 UTC. (a few seconds)
2019-04-12 15:39:17 (DEBUG):	Requested BNB/USDT trade data from Binance ...
2019-04-12 15:39:18 (DEBUG):	Processing 5 new trades. From 2019-04-12 19:39:08 UTC to 2019-04-12 19:39:14 UTC. (a few seconds)
2019-04-12 15:39:37 (DEBUG):	Requested BNB/USDT trade data from Binance ...
2019-04-12 15:39:38 (DEBUG):	Processing 5 new trades. From 2019-04-12 19:39:20 UTC to 2019-04-12 19:39:36 UTC. (a few seconds)
2019-04-12 15:39:57 (DEBUG):	Requested BNB/USDT trade data from Binance ...
2019-04-12 15:39:58 (DEBUG):	Processing 4 new trades. From 2019-04-12 19:39:45 UTC to 2019-04-12 19:39:56 UTC. (a few seconds)
2019-04-12 15:40:17 (DEBUG):	Requested BNB/USDT trade data from Binance ...
2019-04-12 15:40:18 (DEBUG):	Processing 5 new trades. From 2019-04-12 19:39:58 UTC to 2019-04-12 19:40:15 UTC. (a few seconds)
2019-04-12 15:40:37 (DEBUG):	Requested BNB/USDT trade data from Binance ...
2019-04-12 15:40:38 (DEBUG):	No new trades.
2019-04-12 15:40:57 (DEBUG):	Requested BNB/USDT trade data from Binance ...
2019-04-12 15:40:58 (DEBUG):	Processing 6 new trades. From 2019-04-12 19:40:41 UTC to 2019-04-12 19:40:49 UTC. (a few seconds)
2019-04-12 15:41:17 (DEBUG):	Requested BNB/USDT trade data from Binance ...
2019-04-12 15:41:18 (DEBUG):	Processing 8 new trades. From 2019-04-12 19:40:58 UTC to 2019-04-12 19:41:15 UTC. (a few seconds)
2019-04-12 15:41:37 (DEBUG):	Requested BNB/USDT trade data from Binance ...
2019-04-12 15:41:38 (DEBUG):	Processing 2 new trades. From 2019-04-12 19:41:24 UTC to 2019-04-12 19:41:24 UTC. (a few seconds)
2019-04-12 15:41:57 (DEBUG):	Requested BNB/USDT trade data from Binance ...
2019-04-12 15:41:58 (DEBUG):	Processing 8 new trades. From 2019-04-12 19:41:38 UTC to 2019-04-12 19:41:50 UTC. (a few seconds)
2019-04-12 15:42:17 (DEBUG):	Requested BNB/USDT trade data from Binance ...
2019-04-12 15:42:18 (DEBUG):	Processing 7 new trades. From 2019-04-12 19:42:03 UTC to 2019-04-12 19:42:17 UTC. (a few seconds)
2019-04-12 15:42:37 (DEBUG):	Requested BNB/USDT trade data from Binance ...
2019-04-12 15:42:38 (DEBUG):	Processing 4 new trades. From 2019-04-12 19:42:18 UTC to 2019-04-12 19:42:33 UTC. (a few seconds)
2019-04-12 15:42:57 (DEBUG):	Requested BNB/USDT trade data from Binance ...
2019-04-12 15:42:58 (DEBUG):	Processing 2 new trades. From 2019-04-12 19:42:47 UTC to 2019-04-12 19:42:47 UTC. (a few seconds)
2019-04-12 15:43:17 (DEBUG):	Requested BNB/USDT trade data from Binance ...
2019-04-12 15:43:18 (DEBUG):	Processing 5 new trades. From 2019-04-12 19:43:01 UTC to 2019-04-12 19:43:15 UTC. (a few seconds)
2019-04-12 15:43:37 (DEBUG):	Requested BNB/USDT trade data from Binance ...
2019-04-12 15:43:38 (DEBUG):	Processing 8 new trades. From 2019-04-12 19:43:21 UTC to 2019-04-12 19:43:23 UTC. (a few seconds)
2019-04-12 15:43:57 (DEBUG):	Requested BNB/USDT trade data from Binance ...
2019-04-12 15:43:58 (DEBUG):	No new trades.
2019-04-12 15:44:17 (DEBUG):	Requested BNB/USDT trade data from Binance ...
2019-04-12 15:44:18 (DEBUG):	Processing 14 new trades. From 2019-04-12 19:43:58 UTC to 2019-04-12 19:44:14 UTC. (a few seconds)
2019-04-12 15:44:37 (DEBUG):	Requested BNB/USDT trade data from Binance ...
2019-04-12 15:44:38 (DEBUG):	Processing 6 new trades. From 2019-04-12 19:44:27 UTC to 2019-04-12 19:44:31 UTC. (a few seconds)
2019-04-12 15:44:57 (DEBUG):	Requested BNB/USDT trade data from Binance ...
2019-04-12 15:44:58 (DEBUG):	Processing 2 new trades. From 2019-04-12 19:44:39 UTC to 2019-04-12 19:44:39 UTC. (a few seconds)
2019-04-12 15:45:17 (DEBUG):	Requested BNB/USDT trade data from Binance ...
2019-04-12 15:45:18 (DEBUG):	Processing 5 new trades. From 2019-04-12 19:45:09 UTC to 2019-04-12 19:45:16 UTC. (a few seconds)
2019-04-12 15:45:37 (DEBUG):	Requested BNB/USDT trade data from Binance ...
2019-04-12 15:45:38 (DEBUG):	Processing 4 new trades. From 2019-04-12 19:45:23 UTC to 2019-04-12 19:45:23 UTC. (a few seconds)
2019-04-12 15:45:57 (DEBUG):	Requested BNB/USDT trade data from Binance ...
2019-04-12 15:45:58 (DEBUG):	Processing 3 new trades. From 2019-04-12 19:45:54 UTC to 2019-04-12 19:45:54 UTC. (a few seconds)
2019-04-12 15:46:17 (DEBUG):	Requested BNB/USDT trade data from Binance ...
2019-04-12 15:46:18 (DEBUG):	Processing 2 new trades. From 2019-04-12 19:46:05 UTC to 2019-04-12 19:46:05 UTC. (a few seconds)
2019-04-12 15:46:37 (DEBUG):	Requested BNB/USDT trade data from Binance ...
2019-04-12 15:46:38 (DEBUG):	Processing 1 new trades. From 2019-04-12 19:46:30 UTC to 2019-04-12 19:46:30 UTC. (a few seconds)
2019-04-12 15:46:57 (DEBUG):	Requested BNB/USDT trade data from Binance ...
2019-04-12 15:46:58 (DEBUG):	Processing 1 new trades. From 2019-04-12 19:46:54 UTC to 2019-04-12 19:46:54 UTC. (a few seconds)
2019-04-12 15:47:17 (DEBUG):	Requested BNB/USDT trade data from Binance ...
2019-04-12 15:47:18 (DEBUG):	Processing 2 new trades. From 2019-04-12 19:47:08 UTC to 2019-04-12 19:47:12 UTC. (a few seconds)
2019-04-12 15:47:38 (DEBUG):	Requested BNB/USDT trade data from Binance ...
2019-04-12 15:47:38 (DEBUG):	Processing 2 new trades. From 2019-04-12 19:47:34 UTC to 2019-04-12 19:47:34 UTC. (a few seconds)
2019-04-12 15:47:58 (DEBUG):	Requested BNB/USDT trade data from Binance ...
2019-04-12 15:47:58 (DEBUG):	Processing 3 new trades. From 2019-04-12 19:47:50 UTC to 2019-04-12 19:47:54 UTC. (a few seconds)
2019-04-12 15:48:18 (DEBUG):	Requested BNB/USDT trade data from Binance ...
2019-04-12 15:48:18 (DEBUG):	Processing 2 new trades. From 2019-04-12 19:48:10 UTC to 2019-04-12 19:48:10 UTC. (a few seconds)
2019-04-12 15:48:38 (DEBUG):	Requested BNB/USDT trade data from Binance ...
2019-04-12 15:48:38 (DEBUG):	Processing 4 new trades. From 2019-04-12 19:48:26 UTC to 2019-04-12 19:48:37 UTC. (a few seconds)
2019-04-12 15:48:58 (DEBUG):	Requested BNB/USDT trade data from Binance ...
2019-04-12 15:48:58 (DEBUG):	Processing 2 new trades. From 2019-04-12 19:48:39 UTC to 2019-04-12 19:48:45 UTC. (a few seconds)
2019-04-12 15:49:18 (DEBUG):	Requested BNB/USDT trade data from Binance ...
2019-04-12 15:49:18 (DEBUG):	Processing 3 new trades. From 2019-04-12 19:49:07 UTC to 2019-04-12 19:49:15 UTC. (a few seconds)
2019-04-12 15:49:38 (DEBUG):	Requested BNB/USDT trade data from Binance ...
2019-04-12 15:49:38 (DEBUG):	Processing 14 new trades. From 2019-04-12 19:49:20 UTC to 2019-04-12 19:49:35 UTC. (a few seconds)
2019-04-12 15:49:58 (DEBUG):	Requested BNB/USDT trade data from Binance ...
2019-04-12 15:49:58 (DEBUG):	Processing 5 new trades. From 2019-04-12 19:49:47 UTC to 2019-04-12 19:49:57 UTC. (a few seconds)
2019-04-12 15:50:18 (DEBUG):	Requested BNB/USDT trade data from Binance ...
2019-04-12 15:50:18 (DEBUG):	Processing 5 new trades. From 2019-04-12 19:50:13 UTC to 2019-04-12 19:50:16 UTC. (a few seconds)
2019-04-12 15:50:38 (DEBUG):	Requested BNB/USDT trade data from Binance ...
2019-04-12 15:50:38 (DEBUG):	Processing 7 new trades. From 2019-04-12 19:50:20 UTC to 2019-04-12 19:50:35 UTC. (a few seconds)
2019-04-12 15:50:58 (DEBUG):	Requested BNB/USDT trade data from Binance ...
2019-04-12 15:50:58 (DEBUG):	Processing 5 new trades. From 2019-04-12 19:50:42 UTC to 2019-04-12 19:50:56 UTC. (a few seconds)
2019-04-12 15:51:18 (DEBUG):	Requested BNB/USDT trade data from Binance ...
2019-04-12 15:51:18 (DEBUG):	No new trades.
2019-04-12 15:51:38 (DEBUG):	Requested BNB/USDT trade data from Binance ...
2019-04-12 15:51:38 (DEBUG):	Processing 1 new trades. From 2019-04-12 19:51:28 UTC to 2019-04-12 19:51:28 UTC. (a few seconds)
2019-04-12 15:51:58 (DEBUG):	Requested BNB/USDT trade data from Binance ...
2019-04-12 15:51:58 (DEBUG):	Processing 2 new trades. From 2019-04-12 19:51:39 UTC to 2019-04-12 19:51:39 UTC. (a few seconds)
2019-04-12 15:52:18 (DEBUG):	Requested BNB/USDT trade data from Binance ...
2019-04-12 15:52:18 (DEBUG):	Processing 6 new trades. From 2019-04-12 19:52:00 UTC to 2019-04-12 19:52:15 UTC. (a few seconds)
2019-04-12 15:52:38 (DEBUG):	Requested BNB/USDT trade data from Binance ...
2019-04-12 15:52:38 (DEBUG):	Processing 1 new trades. From 2019-04-12 19:52:18 UTC to 2019-04-12 19:52:18 UTC. (a few seconds)
2019-04-12 15:52:58 (DEBUG):	Requested BNB/USDT trade data from Binance ...
2019-04-12 15:52:58 (DEBUG):	Processing 1 new trades. From 2019-04-12 19:52:49 UTC to 2019-04-12 19:52:49 UTC. (a few seconds)
2019-04-12 15:53:18 (DEBUG):	Requested BNB/USDT trade data from Binance ...
2019-04-12 15:53:18 (DEBUG):	Processing 3 new trades. From 2019-04-12 19:53:00 UTC to 2019-04-12 19:53:12 UTC. (a few seconds)
2019-04-12 15:53:38 (DEBUG):	Requested BNB/USDT trade data from Binance ...
2019-04-12 15:53:38 (DEBUG):	Processing 1 new trades. From 2019-04-12 19:53:36 UTC to 2019-04-12 19:53:36 UTC. (a few seconds)
2019-04-12 15:53:58 (DEBUG):	Requested BNB/USDT trade data from Binance ...
2019-04-12 15:53:58 (DEBUG):	Processing 4 new trades. From 2019-04-12 19:53:48 UTC to 2019-04-12 19:53:55 UTC. (a few seconds)
2019-04-12 15:54:18 (DEBUG):	Requested BNB/USDT trade data from Binance ...
2019-04-12 15:54:18 (DEBUG):	Processing 6 new trades. From 2019-04-12 19:53:58 UTC to 2019-04-12 19:54:10 UTC. (a few seconds)
2019-04-12 15:54:38 (DEBUG):	Requested BNB/USDT trade data from Binance ...
2019-04-12 15:54:38 (DEBUG):	Processing 2 new trades. From 2019-04-12 19:54:22 UTC to 2019-04-12 19:54:25 UTC. (a few seconds)
2019-04-12 15:54:58 (DEBUG):	Requested BNB/USDT trade data from Binance ...
2019-04-12 15:54:58 (DEBUG):	Processing 1 new trades. From 2019-04-12 19:54:54 UTC to 2019-04-12 19:54:54 UTC. (a few seconds)
2019-04-12 15:55:18 (DEBUG):	Requested BNB/USDT trade data from Binance ...
2019-04-12 15:55:18 (DEBUG):	Processing 10 new trades. From 2019-04-12 19:55:00 UTC to 2019-04-12 19:55:05 UTC. (a few seconds)
2019-04-12 15:55:38 (DEBUG):	Requested BNB/USDT trade data from Binance ...
2019-04-12 15:55:38 (DEBUG):	Processing 6 new trades. From 2019-04-12 19:55:20 UTC to 2019-04-12 19:55:37 UTC. (a few seconds)
2019-04-12 15:55:58 (DEBUG):	Requested BNB/USDT trade data from Binance ...
2019-04-12 15:55:58 (DEBUG):	Processing 9 new trades. From 2019-04-12 19:55:39 UTC to 2019-04-12 19:55:57 UTC. (a few seconds)
2019-04-12 15:56:18 (DEBUG):	Requested BNB/USDT trade data from Binance ...
2019-04-12 15:56:18 (DEBUG):	Processing 4 new trades. From 2019-04-12 19:56:06 UTC to 2019-04-12 19:56:10 UTC. (a few seconds)
2019-04-12 15:56:38 (DEBUG):	Requested BNB/USDT trade data from Binance ...
2019-04-12 15:56:38 (DEBUG):	Processing 6 new trades. From 2019-04-12 19:56:22 UTC to 2019-04-12 19:56:35 UTC. (a few seconds)
2019-04-12 15:56:58 (DEBUG):	Requested BNB/USDT trade data from Binance ...
2019-04-12 15:56:58 (DEBUG):	Processing 4 new trades. From 2019-04-12 19:56:45 UTC to 2019-04-12 19:56:54 UTC. (a few seconds)
2019-04-12 15:57:18 (DEBUG):	Requested BNB/USDT trade data from Binance ...
2019-04-12 15:57:18 (DEBUG):	No new trades.
2019-04-12 15:57:38 (DEBUG):	Requested BNB/USDT trade data from Binance ...
2019-04-12 15:57:38 (DEBUG):	Processing 1 new trades. From 2019-04-12 19:57:35 UTC to 2019-04-12 19:57:35 UTC. (a few seconds)
2019-04-12 15:57:58 (DEBUG):	Requested BNB/USDT trade data from Binance ...
2019-04-12 15:57:58 (DEBUG):	Processing 11 new trades. From 2019-04-12 19:57:43 UTC to 2019-04-12 19:57:53 UTC. (a few seconds)
2019-04-12 15:58:18 (DEBUG):	Requested BNB/USDT trade data from Binance ...
2019-04-12 15:58:18 (DEBUG):	Processing 2 new trades. From 2019-04-12 19:58:04 UTC to 2019-04-12 19:58:13 UTC. (a few seconds)
2019-04-12 15:58:38 (DEBUG):	Requested BNB/USDT trade data from Binance ...
2019-04-12 15:58:38 (DEBUG):	Processing 2 new trades. From 2019-04-12 19:58:21 UTC to 2019-04-12 19:58:22 UTC. (a few seconds)
2019-04-12 15:58:58 (DEBUG):	Requested BNB/USDT trade data from Binance ...
2019-04-12 15:58:58 (DEBUG):	Processing 6 new trades. From 2019-04-12 19:58:42 UTC to 2019-04-12 19:58:45 UTC. (a few seconds)
2019-04-12 15:59:18 (DEBUG):	Requested BNB/USDT trade data from Binance ...
2019-04-12 15:59:18 (DEBUG):	Processing 7 new trades. From 2019-04-12 19:59:00 UTC to 2019-04-12 19:59:11 UTC. (a few seconds)
2019-04-12 15:59:38 (DEBUG):	Requested BNB/USDT trade data from Binance ...
2019-04-12 15:59:39 (DEBUG):	Processing 9 new trades. From 2019-04-12 19:59:18 UTC to 2019-04-12 19:59:35 UTC. (a few seconds)
2019-04-12 15:59:58 (DEBUG):	Requested BNB/USDT trade data from Binance ...
2019-04-12 15:59:58 (DEBUG):	Processing 2 new trades. From 2019-04-12 19:59:40 UTC to 2019-04-12 19:59:42 UTC. (a few seconds)
2019-04-12 16:00:18 (DEBUG):	Requested BNB/USDT trade data from Binance ...
2019-04-12 16:00:18 (DEBUG):	Processing 12 new trades. From 2019-04-12 19:59:58 UTC to 2019-04-12 20:00:10 UTC. (a few seconds)
2019-04-12 16:00:38 (DEBUG):	Requested BNB/USDT trade data from Binance ...
2019-04-12 16:00:38 (DEBUG):	Processing 21 new trades. From 2019-04-12 20:00:18 UTC to 2019-04-12 20:00:32 UTC. (a few seconds)
2019-04-12 16:00:58 (DEBUG):	Requested BNB/USDT trade data from Binance ...
2019-04-12 16:00:58 (DEBUG):	Processing 21 new trades. From 2019-04-12 20:00:41 UTC to 2019-04-12 20:00:57 UTC. (a few seconds)
2019-04-12 16:01:18 (DEBUG):	Requested BNB/USDT trade data from Binance ...
2019-04-12 16:01:18 (DEBUG):	Processing 10 new trades. From 2019-04-12 20:00:58 UTC to 2019-04-12 20:01:16 UTC. (a few seconds)
2019-04-12 16:01:38 (DEBUG):	Requested BNB/USDT trade data from Binance ...
2019-04-12 16:01:38 (DEBUG):	Processing 8 new trades. From 2019-04-12 20:01:23 UTC to 2019-04-12 20:01:32 UTC. (a few seconds)
2019-04-12 16:01:58 (DEBUG):	Requested BNB/USDT trade data from Binance ...
2019-04-12 16:01:58 (DEBUG):	Processing 7 new trades. From 2019-04-12 20:01:46 UTC to 2019-04-12 20:01:57 UTC. (a few seconds)
2019-04-12 16:02:18 (DEBUG):	Requested BNB/USDT trade data from Binance ...
2019-04-12 16:02:18 (DEBUG):	Processing 23 new trades. From 2019-04-12 20:02:00 UTC to 2019-04-12 20:02:17 UTC. (a few seconds)
2019-04-12 16:02:38 (DEBUG):	Requested BNB/USDT trade data from Binance ...
2019-04-12 16:02:38 (DEBUG):	Processing 15 new trades. From 2019-04-12 20:02:19 UTC to 2019-04-12 20:02:35 UTC. (a few seconds)
2019-04-12 16:02:58 (DEBUG):	Requested BNB/USDT trade data from Binance ...
2019-04-12 16:02:58 (DEBUG):	Processing 3 new trades. From 2019-04-12 20:02:41 UTC to 2019-04-12 20:02:43 UTC. (a few seconds)
2019-04-12 16:03:18 (DEBUG):	Requested BNB/USDT trade data from Binance ...
2019-04-12 16:03:18 (DEBUG):	Processing 5 new trades. From 2019-04-12 20:02:58 UTC to 2019-04-12 20:03:16 UTC. (a few seconds)
2019-04-12 16:03:38 (DEBUG):	Requested BNB/USDT trade data from Binance ...
2019-04-12 16:03:38 (DEBUG):	Processing 1 new trades. From 2019-04-12 20:03:26 UTC to 2019-04-12 20:03:26 UTC. (a few seconds)
2019-04-12 16:03:58 (DEBUG):	Requested BNB/USDT trade data from Binance ...
2019-04-12 16:03:58 (DEBUG):	Processing 5 new trades. From 2019-04-12 20:03:45 UTC to 2019-04-12 20:03:58 UTC. (a few seconds)
2019-04-12 16:04:18 (DEBUG):	Requested BNB/USDT trade data from Binance ...
2019-04-12 16:04:18 (DEBUG):	Processing 3 new trades. From 2019-04-12 20:04:09 UTC to 2019-04-12 20:04:12 UTC. (a few seconds)
2019-04-12 16:04:38 (DEBUG):	Requested BNB/USDT trade data from Binance ...
2019-04-12 16:04:38 (DEBUG):	Processing 11 new trades. From 2019-04-12 20:04:21 UTC to 2019-04-12 20:04:37 UTC. (a few seconds)
2019-04-12 16:04:58 (DEBUG):	Requested BNB/USDT trade data from Binance ...
2019-04-12 16:04:58 (DEBUG):	Processing 10 new trades. From 2019-04-12 20:04:41 UTC to 2019-04-12 20:04:56 UTC. (a few seconds)
2019-04-12 16:05:18 (DEBUG):	Requested BNB/USDT trade data from Binance ...
2019-04-12 16:05:18 (DEBUG):	Processing 20 new trades. From 2019-04-12 20:04:59 UTC to 2019-04-12 20:05:16 UTC. (a few seconds)
2019-04-12 16:05:38 (DEBUG):	Requested BNB/USDT trade data from Binance ...
2019-04-12 16:05:38 (DEBUG):	Processing 18 new trades. From 2019-04-12 20:05:19 UTC to 2019-04-12 20:05:35 UTC. (a few seconds)
2019-04-12 16:05:58 (DEBUG):	Requested BNB/USDT trade data from Binance ...
2019-04-12 16:05:58 (DEBUG):	Processing 22 new trades. From 2019-04-12 20:05:43 UTC to 2019-04-12 20:05:56 UTC. (a few seconds)
2019-04-12 16:06:18 (DEBUG):	Requested BNB/USDT trade data from Binance ...
2019-04-12 16:06:18 (DEBUG):	Processing 2 new trades. From 2019-04-12 20:06:03 UTC to 2019-04-12 20:06:11 UTC. (a few seconds)
2019-04-12 16:06:38 (DEBUG):	Requested BNB/USDT trade data from Binance ...
2019-04-12 16:06:38 (DEBUG):	No new trades.
2019-04-12 16:06:58 (DEBUG):	Requested BNB/USDT trade data from Binance ...
2019-04-12 16:06:58 (DEBUG):	Processing 75 new trades. From 2019-04-12 20:06:44 UTC to 2019-04-12 20:06:58 UTC. (a few seconds)
2019-04-12 16:07:18 (DEBUG):	Requested BNB/USDT trade data from Binance ...
2019-04-12 16:07:18 (DEBUG):	Processing 11 new trades. From 2019-04-12 20:07:05 UTC to 2019-04-12 20:07:16 UTC. (a few seconds)
2019-04-12 16:07:38 (DEBUG):	Requested BNB/USDT trade data from Binance ...
2019-04-12 16:07:38 (DEBUG):	Processing 24 new trades. From 2019-04-12 20:07:23 UTC to 2019-04-12 20:07:32 UTC. (a few seconds)
2019-04-12 16:07:58 (DEBUG):	Requested BNB/USDT trade data from Binance ...
2019-04-12 16:07:58 (DEBUG):	Processing 16 new trades. From 2019-04-12 20:07:43 UTC to 2019-04-12 20:07:56 UTC. (a few seconds)
2019-04-12 16:08:18 (DEBUG):	Requested BNB/USDT trade data from Binance ...
2019-04-12 16:08:18 (DEBUG):	Processing 16 new trades. From 2019-04-12 20:08:02 UTC to 2019-04-12 20:08:18 UTC. (a few seconds)
2019-04-12 16:08:38 (DEBUG):	Requested BNB/USDT trade data from Binance ...
2019-04-12 16:08:38 (DEBUG):	Processing 11 new trades. From 2019-04-12 20:08:19 UTC to 2019-04-12 20:08:35 UTC. (a few seconds)
2019-04-12 16:08:58 (DEBUG):	Requested BNB/USDT trade data from Binance ...
2019-04-12 16:08:58 (DEBUG):	Processing 7 new trades. From 2019-04-12 20:08:48 UTC to 2019-04-12 20:08:55 UTC. (a few seconds)
2019-04-12 16:09:18 (DEBUG):	Requested BNB/USDT trade data from Binance ...
2019-04-12 16:09:19 (DEBUG):	No new trades.
2019-04-12 16:09:38 (DEBUG):	Requested BNB/USDT trade data from Binance ...
2019-04-12 16:09:38 (DEBUG):	Processing 3 new trades. From 2019-04-12 20:09:25 UTC to 2019-04-12 20:09:38 UTC. (a few seconds)
2019-04-12 16:09:58 (DEBUG):	Requested BNB/USDT trade data from Binance ...
2019-04-12 16:09:58 (DEBUG):	Processing 30 new trades. From 2019-04-12 20:09:38 UTC to 2019-04-12 20:09:54 UTC. (a few seconds)
2019-04-12 16:10:18 (DEBUG):	Requested BNB/USDT trade data from Binance ...
2019-04-12 16:10:18 (DEBUG):	Processing 10 new trades. From 2019-04-12 20:09:58 UTC to 2019-04-12 20:10:16 UTC. (a few seconds)
2019-04-12 16:10:38 (DEBUG):	Requested BNB/USDT trade data from Binance ...
2019-04-12 16:10:38 (DEBUG):	Processing 6 new trades. From 2019-04-12 20:10:24 UTC to 2019-04-12 20:10:37 UTC. (a few seconds)
2019-04-12 16:10:58 (DEBUG):	Requested BNB/USDT trade data from Binance ...
2019-04-12 16:10:58 (DEBUG):	Processing 2 new trades. From 2019-04-12 20:10:56 UTC to 2019-04-12 20:10:56 UTC. (a few seconds)
2019-04-12 16:11:18 (DEBUG):	Requested BNB/USDT trade data from Binance ...
2019-04-12 16:11:18 (DEBUG):	Processing 10 new trades. From 2019-04-12 20:11:05 UTC to 2019-04-12 20:11:17 UTC. (a few seconds)
2019-04-12 16:11:38 (DEBUG):	Requested BNB/USDT trade data from Binance ...
2019-04-12 16:11:38 (DEBUG):	Processing 12 new trades. From 2019-04-12 20:11:24 UTC to 2019-04-12 20:11:32 UTC. (a few seconds)
2019-04-12 16:11:58 (DEBUG):	Requested BNB/USDT trade data from Binance ...
2019-04-12 16:11:58 (DEBUG):	Processing 8 new trades. From 2019-04-12 20:11:38 UTC to 2019-04-12 20:11:44 UTC. (a few seconds)
2019-04-12 16:12:18 (DEBUG):	Requested BNB/USDT trade data from Binance ...
2019-04-12 16:12:18 (DEBUG):	Processing 26 new trades. From 2019-04-12 20:11:59 UTC to 2019-04-12 20:12:17 UTC. (a few seconds)
2019-04-12 16:12:38 (DEBUG):	Requested BNB/USDT trade data from Binance ...
2019-04-12 16:12:38 (DEBUG):	Processing 10 new trades. From 2019-04-12 20:12:23 UTC to 2019-04-12 20:12:35 UTC. (a few seconds)
2019-04-12 16:12:58 (DEBUG):	Requested BNB/USDT trade data from Binance ...
2019-04-12 16:12:58 (DEBUG):	Processing 7 new trades. From 2019-04-12 20:12:39 UTC to 2019-04-12 20:12:52 UTC. (a few seconds)
2019-04-12 16:13:18 (DEBUG):	Requested BNB/USDT trade data from Binance ...
2019-04-12 16:13:18 (DEBUG):	Processing 6 new trades. From 2019-04-12 20:13:00 UTC to 2019-04-12 20:13:14 UTC. (a few seconds)
2019-04-12 16:13:38 (DEBUG):	Requested BNB/USDT trade data from Binance ...
2019-04-12 16:13:38 (DEBUG):	Processing 5 new trades. From 2019-04-12 20:13:19 UTC to 2019-04-12 20:13:36 UTC. (a few seconds)
2019-04-12 16:13:58 (DEBUG):	Requested BNB/USDT trade data from Binance ...
2019-04-12 16:13:58 (DEBUG):	Processing 22 new trades. From 2019-04-12 20:13:54 UTC to 2019-04-12 20:13:57 UTC. (a few seconds)
2019-04-12 16:14:18 (DEBUG):	Requested BNB/USDT trade data from Binance ...
2019-04-12 16:14:18 (DEBUG):	Processing 4 new trades. From 2019-04-12 20:14:12 UTC to 2019-04-12 20:14:16 UTC. (a few seconds)
2019-04-12 16:14:38 (DEBUG):	Requested BNB/USDT trade data from Binance ...
2019-04-12 16:14:38 (DEBUG):	Processing 6 new trades. From 2019-04-12 20:14:20 UTC to 2019-04-12 20:14:35 UTC. (a few seconds)
2019-04-12 16:14:58 (DEBUG):	Requested BNB/USDT trade data from Binance ...
2019-04-12 16:14:58 (DEBUG):	Processing 4 new trades. From 2019-04-12 20:14:40 UTC to 2019-04-12 20:14:56 UTC. (a few seconds)
2019-04-12 16:15:18 (DEBUG):	Requested BNB/USDT trade data from Binance ...
2019-04-12 16:15:18 (DEBUG):	Processing 9 new trades. From 2019-04-12 20:15:07 UTC to 2019-04-12 20:15:15 UTC. (a few seconds)
2019-04-12 16:15:38 (DEBUG):	Requested BNB/USDT trade data from Binance ...
2019-04-12 16:15:38 (DEBUG):	Processing 9 new trades. From 2019-04-12 20:15:19 UTC to 2019-04-12 20:15:35 UTC. (a few seconds)
2019-04-12 16:15:58 (DEBUG):	Requested BNB/USDT trade data from Binance ...
2019-04-12 16:15:58 (DEBUG):	Processing 5 new trades. From 2019-04-12 20:15:42 UTC to 2019-04-12 20:15:54 UTC. (a few seconds)
2019-04-12 16:16:18 (DEBUG):	Requested BNB/USDT trade data from Binance ...
2019-04-12 16:16:18 (DEBUG):	Processing 2 new trades. From 2019-04-12 20:16:12 UTC to 2019-04-12 20:16:12 UTC. (a few seconds)
2019-04-12 16:16:38 (DEBUG):	Requested BNB/USDT trade data from Binance ...
2019-04-12 16:16:38 (DEBUG):	Processing 1 new trades. From 2019-04-12 20:16:30 UTC to 2019-04-12 20:16:30 UTC. (a few seconds)
2019-04-12 16:16:58 (DEBUG):	Requested BNB/USDT trade data from Binance ...
2019-04-12 16:16:58 (DEBUG):	Processing 4 new trades. From 2019-04-12 20:16:41 UTC to 2019-04-12 20:16:52 UTC. (a few seconds)
2019-04-12 16:17:18 (DEBUG):	Requested BNB/USDT trade data from Binance ...
2019-04-12 16:17:18 (DEBUG):	Processing 6 new trades. From 2019-04-12 20:17:06 UTC to 2019-04-12 20:17:15 UTC. (a few seconds)
2019-04-12 16:17:38 (DEBUG):	Requested BNB/USDT trade data from Binance ...
2019-04-12 16:17:38 (DEBUG):	Processing 8 new trades. From 2019-04-12 20:17:19 UTC to 2019-04-12 20:17:34 UTC. (a few seconds)
2019-04-12 16:17:58 (DEBUG):	Requested BNB/USDT trade data from Binance ...
2019-04-12 16:17:58 (DEBUG):	Processing 17 new trades. From 2019-04-12 20:17:40 UTC to 2019-04-12 20:17:54 UTC. (a few seconds)
2019-04-12 16:18:18 (DEBUG):	Requested BNB/USDT trade data from Binance ...
2019-04-12 16:18:20 (DEBUG):	Processing 500 new trades. From 2019-04-12 21:29:15 UTC to 2019-04-12 21:50:08 UTC. (21 minutes)
2019-04-12 16:18:38 (DEBUG):	Requested BNB/USDT trade data from Binance ...
2019-04-12 16:18:38 (DEBUG):	Processing 500 new trades. From 2019-04-12 23:34:20 UTC to 2019-04-12 23:50:36 UTC. (16 minutes)
2019-04-12 16:18:58 (DEBUG):	Requested BNB/USDT trade data from Binance ...
2019-04-12 16:18:58 (DEBUG):	Processing 36 new trades. From 2019-04-12 23:50:42 UTC to 2019-04-12 23:50:57 UTC. (a few seconds)
2019-04-12 16:19:18 (DEBUG):	Requested BNB/USDT trade data from Binance ...
2019-04-12 16:19:18 (DEBUG):	Processing 9 new trades. From 2019-04-12 23:51:01 UTC to 2019-04-12 23:51:18 UTC. (a few seconds)
2019-04-12 16:19:38 (DEBUG):	Requested BNB/USDT trade data from Binance ...
2019-04-12 16:19:39 (DEBUG):	Processing 53 new trades. From 2019-04-12 23:51:22 UTC to 2019-04-12 23:51:39 UTC. (a few seconds)
2019-04-12 16:19:58 (DEBUG):	Requested BNB/USDT trade data from Binance ...
2019-04-12 16:19:58 (DEBUG):	Processing 20 new trades. From 2019-04-12 23:51:40 UTC to 2019-04-12 23:51:59 UTC. (a few seconds)
2019-04-12 16:20:18 (DEBUG):	Requested BNB/USDT trade data from Binance ...
2019-04-12 16:20:18 (DEBUG):	Processing 12 new trades. From 2019-04-12 23:52:00 UTC to 2019-04-12 23:52:17 UTC. (a few seconds)
2019-04-12 16:20:38 (DEBUG):	Requested BNB/USDT trade data from Binance ...
2019-04-12 16:20:38 (DEBUG):	Processing 8 new trades. From 2019-04-12 23:52:29 UTC to 2019-04-12 23:52:38 UTC. (a few seconds)
2019-04-12 16:20:58 (DEBUG):	Requested BNB/USDT trade data from Binance ...
2019-04-12 16:20:58 (DEBUG):	Processing 4 new trades. From 2019-04-12 23:52:44 UTC to 2019-04-12 23:52:58 UTC. (a few seconds)
2019-04-12 16:21:18 (DEBUG):	Requested BNB/USDT trade data from Binance ...
2019-04-12 16:21:18 (DEBUG):	Processing 6 new trades. From 2019-04-12 23:53:00 UTC to 2019-04-12 23:53:15 UTC. (a few seconds)
2019-04-12 16:21:38 (DEBUG):	Requested BNB/USDT trade data from Binance ...
2019-04-12 16:21:39 (DEBUG):	Processing 10 new trades. From 2019-04-12 23:53:31 UTC to 2019-04-12 23:53:39 UTC. (a few seconds)
2019-04-12 16:21:58 (DEBUG):	Requested BNB/USDT trade data from Binance ...
2019-04-12 16:21:58 (DEBUG):	Processing 38 new trades. From 2019-04-12 23:53:40 UTC to 2019-04-12 23:53:59 UTC. (a few seconds)
2019-04-12 16:22:18 (DEBUG):	Requested BNB/USDT trade data from Binance ...
2019-04-12 16:22:19 (DEBUG):	Processing 17 new trades. From 2019-04-12 23:54:00 UTC to 2019-04-12 23:54:15 UTC. (a few seconds)
2019-04-12 16:22:38 (DEBUG):	Requested BNB/USDT trade data from Binance ...
2019-04-12 16:22:38 (DEBUG):	Processing 6 new trades. From 2019-04-12 23:54:20 UTC to 2019-04-12 23:54:36 UTC. (a few seconds)
2019-04-12 16:22:58 (DEBUG):	Requested BNB/USDT trade data from Binance ...
2019-04-12 16:22:58 (DEBUG):	Processing 13 new trades. From 2019-04-12 23:54:42 UTC to 2019-04-12 23:54:59 UTC. (a few seconds)
2019-04-12 16:23:18 (DEBUG):	Requested BNB/USDT trade data from Binance ...
2019-04-12 16:23:18 (DEBUG):	Processing 21 new trades. From 2019-04-12 23:55:00 UTC to 2019-04-12 23:55:15 UTC. (a few seconds)
2019-04-12 16:23:38 (DEBUG):	Requested BNB/USDT trade data from Binance ...
2019-04-12 16:23:38 (DEBUG):	Processing 3 new trades. From 2019-04-12 23:55:24 UTC to 2019-04-12 23:55:29 UTC. (a few seconds)
2019-04-12 16:23:58 (DEBUG):	Requested BNB/USDT trade data from Binance ...
2019-04-12 16:23:58 (DEBUG):	Processing 7 new trades. From 2019-04-12 23:55:41 UTC to 2019-04-12 23:55:41 UTC. (a few seconds)
2019-04-12 16:24:18 (DEBUG):	Requested BNB/USDT trade data from Binance ...
2019-04-12 16:24:19 (DEBUG):	Processing 16 new trades. From 2019-04-12 23:56:09 UTC to 2019-04-12 23:56:17 UTC. (a few seconds)
2019-04-12 16:24:38 (DEBUG):	Requested BNB/USDT trade data from Binance ...
2019-04-12 16:24:38 (DEBUG):	Processing 6 new trades. From 2019-04-12 23:56:33 UTC to 2019-04-12 23:56:38 UTC. (a few seconds)
2019-04-12 16:24:58 (DEBUG):	Requested BNB/USDT trade data from Binance ...
2019-04-12 16:24:58 (DEBUG):	Processing 5 new trades. From 2019-04-12 23:56:48 UTC to 2019-04-12 23:57:00 UTC. (a few seconds)
2019-04-12 16:25:18 (DEBUG):	Requested BNB/USDT trade data from Binance ...
2019-04-12 16:25:19 (DEBUG):	Processing 8 new trades. From 2019-04-12 23:57:02 UTC to 2019-04-12 23:57:17 UTC. (a few seconds)
2019-04-12 19:57:40 (DEBUG):	Requested BNB/USDT trade data from Binance ...
